F:\PROJECTS\TOPCODER\TIMESTATEMENT\DEBUG\TIME.OBJ
F:\PROJECTS\TOPCODER\TIMESTATEMENT\DEBUG\VC110.PDB
F:\PROJECTS\TOPCODER\DEBUG\TIMESTATEMENT.ILK
F:\PROJECTS\TOPCODER\DEBUG\TIMESTATEMENT.EXE
F:\PROJECTS\TOPCODER\DEBUG\TIMESTATEMENT.PDB
F:\Projects\TopCoder\TimeStatement\Debug\Time.obj
F:\Projects\TopCoder\TimeStatement\Debug\cl.command.1.tlog
F:\Projects\TopCoder\TimeStatement\Debug\CL.read.1.tlog
F:\Projects\TopCoder\TimeStatement\Debug\CL.write.1.tlog
F:\Projects\TopCoder\TimeStatement\Debug\link-cvtres.read.1.tlog
F:\Projects\TopCoder\TimeStatement\Debug\link-cvtres.write.1.tlog
F:\Projects\TopCoder\TimeStatement\Debug\link-rc.read.1.tlog
F:\Projects\TopCoder\TimeStatement\Debug\link-rc.write.1.tlog
F:\Projects\TopCoder\TimeStatement\Debug\link.command.1.tlog
F:\Projects\TopCoder\TimeStatement\Debug\link.read.1.tlog
F:\Projects\TopCoder\TimeStatement\Debug\link.write.1.tlog
F:\Projects\TopCoder\TimeStatement\Debug\vc110.idb
F:\Projects\TopCoder\TimeStatement\Debug\vc110.pdb
F:\Projects\TopCoder\Debug\TimeStatement.pdb
F:\Projects\TopCoder\Debug\TimeStatement.exe
F:\Projects\TopCoder\Debug\TimeStatement.ilk
