F:\PROJECTS\TOPCODER\SRM 271 DIV 2 LEVEL ONE (250)\DEBUG\CHECKFUNCTION.OBJ
F:\PROJECTS\TOPCODER\SRM 271 DIV 2 LEVEL ONE (250)\DEBUG\VC110.PDB
F:\PROJECTS\TOPCODER\DEBUG\SRM 271 DIV 2 LEVEL ONE (250).ILK
F:\PROJECTS\TOPCODER\DEBUG\SRM 271 DIV 2 LEVEL ONE (250).EXE
F:\PROJECTS\TOPCODER\DEBUG\SRM 271 DIV 2 LEVEL ONE (250).PDB
F:\Projects\TopCoder\SRM 271 DIV 2 Level One (250)\Debug\CheckFunction.obj
F:\Projects\TopCoder\SRM 271 DIV 2 Level One (250)\Debug\cl.command.1.tlog
F:\Projects\TopCoder\SRM 271 DIV 2 Level One (250)\Debug\CL.read.1.tlog
F:\Projects\TopCoder\SRM 271 DIV 2 Level One (250)\Debug\CL.write.1.tlog
F:\Projects\TopCoder\SRM 271 DIV 2 Level One (250)\Debug\link-cvtres.read.1.tlog
F:\Projects\TopCoder\SRM 271 DIV 2 Level One (250)\Debug\link-cvtres.write.1.tlog
F:\Projects\TopCoder\SRM 271 DIV 2 Level One (250)\Debug\link-rc.read.1.tlog
F:\Projects\TopCoder\SRM 271 DIV 2 Level One (250)\Debug\link-rc.write.1.tlog
F:\Projects\TopCoder\SRM 271 DIV 2 Level One (250)\Debug\link.3832-cvtres.read.1.tlog
F:\Projects\TopCoder\SRM 271 DIV 2 Level One (250)\Debug\link.3832-cvtres.write.1.tlog
F:\Projects\TopCoder\SRM 271 DIV 2 Level One (250)\Debug\link.3832-rc.read.1.tlog
F:\Projects\TopCoder\SRM 271 DIV 2 Level One (250)\Debug\link.3832-rc.write.1.tlog
F:\Projects\TopCoder\SRM 271 DIV 2 Level One (250)\Debug\link.3832.read.1.tlog
F:\Projects\TopCoder\SRM 271 DIV 2 Level One (250)\Debug\link.3832.write.1.tlog
F:\Projects\TopCoder\SRM 271 DIV 2 Level One (250)\Debug\link.command.1.tlog
F:\Projects\TopCoder\SRM 271 DIV 2 Level One (250)\Debug\link.read.1.tlog
F:\Projects\TopCoder\SRM 271 DIV 2 Level One (250)\Debug\link.write.1.tlog
F:\Projects\TopCoder\SRM 271 DIV 2 Level One (250)\Debug\vc110.idb
F:\Projects\TopCoder\SRM 271 DIV 2 Level One (250)\Debug\vc110.pdb
F:\Projects\TopCoder\Debug\SRM 271 DIV 2 Level One (250).pdb
F:\Projects\TopCoder\Debug\SRM 271 DIV 2 Level One (250).exe
F:\Projects\TopCoder\Debug\SRM 271 DIV 2 Level One (250).ilk
