F:\PROJECTS\TOPCODER\BINARYCODE\DEBUG\BINARYCODE.OBJ
F:\PROJECTS\TOPCODER\BINARYCODE\DEBUG\VC110.PDB
F:\PROJECTS\TOPCODER\DEBUG\BINARYCODE.ILK
F:\PROJECTS\TOPCODER\DEBUG\BINARYCODE.EXE
F:\PROJECTS\TOPCODER\DEBUG\BINARYCODE.PDB
F:\Projects\TopCoder\BinaryCode\Debug\BinaryCode.obj
F:\Projects\TopCoder\BinaryCode\Debug\cl.command.1.tlog
F:\Projects\TopCoder\BinaryCode\Debug\CL.read.1.tlog
F:\Projects\TopCoder\BinaryCode\Debug\CL.write.1.tlog
F:\Projects\TopCoder\BinaryCode\Debug\link-cvtres.read.1.tlog
F:\Projects\TopCoder\BinaryCode\Debug\link-cvtres.write.1.tlog
F:\Projects\TopCoder\BinaryCode\Debug\link-rc.read.1.tlog
F:\Projects\TopCoder\BinaryCode\Debug\link-rc.write.1.tlog
F:\Projects\TopCoder\BinaryCode\Debug\link.3664-cvtres.read.1.tlog
F:\Projects\TopCoder\BinaryCode\Debug\link.3664-cvtres.write.1.tlog
F:\Projects\TopCoder\BinaryCode\Debug\link.3664-rc.read.1.tlog
F:\Projects\TopCoder\BinaryCode\Debug\link.3664-rc.write.1.tlog
F:\Projects\TopCoder\BinaryCode\Debug\link.3664.read.1.tlog
F:\Projects\TopCoder\BinaryCode\Debug\link.3664.write.1.tlog
F:\Projects\TopCoder\BinaryCode\Debug\link.command.1.tlog
F:\Projects\TopCoder\BinaryCode\Debug\link.read.1.tlog
F:\Projects\TopCoder\BinaryCode\Debug\link.write.1.tlog
F:\Projects\TopCoder\BinaryCode\Debug\vc110.idb
F:\Projects\TopCoder\BinaryCode\Debug\vc110.pdb
F:\Projects\TopCoder\Debug\BinaryCode.pdb
F:\Projects\TopCoder\Debug\BinaryCode.exe
F:\Projects\TopCoder\Debug\BinaryCode.ilk
